[0.000000] (-) TimerEvent: {}
[0.000275] (shape_detection) JobQueued: {'identifier': 'shape_detection', 'dependencies': OrderedDict()}
[0.000386] (shape_detection) JobStarted: {'identifier': 'shape_detection'}
[0.049161] (shape_detection) StderrLine: {'line': b'Traceback (most recent call last):\n  File "/Users/jonkach/miniconda3/envs/ros2/lib/python3.12/site-packages/colcon_core/executor/__init__.py", line 91, in __call__\n    rc = await self.task(*args, **kwargs)\n         ^^^^^^^^^^^^^^^^^^^^^^^^^^^^^^^^\n  File "/Users/jonkach/miniconda3/envs/ros2/lib/python3.12/site-packages/colcon_core/task/__init__.py", line 93, in __call__\n    return await task_method(*args, **kwargs)\n           ^^^^^^^^^^^^^^^^^^^^^^^^^^^^^^^^^^\n  File "/Users/jonkach/miniconda3/envs/ros2/lib/python3.12/site-packages/colcon_ros/task/ament_python/build.py", line 102, in build\n    return await extension.build(additional_hooks=additional_hooks)\n           ^^^^^^^^^^^^^^^^^^^^^^^^^^^^^^^^^^^^^^^^^^^^^^^^^^^^^^^^\n  File "/Users/jonkach/miniconda3/envs/ros2/lib/python3.12/site-packages/colcon_core/task/python/build.py", line 96, in build\n    available_commands = await self._get_available_commands(\n                         ^^^^^^^^^^^^^^^^^^^^^^^^^^^^^^^^^^^\n  File "/Users/jonkach/miniconda3/envs/ros2/lib/python3.12/site-packages/colcon_core/task/python/build.py", line 194, in _get_available_commands\n    output = await check_output(\n             ^^^^^^^^^^^^^^^^^^^\n  File "/Users/jonkach/miniconda3/envs/ros2/lib/python3.12/site-packages/colcon_core/subprocess.py", line 129, in check_output\n    assert not rc, f\'Expected {args} to pass: {stderr_data}\'\n           ^^^^^^\nAssertionError: Expected [\'/Users/jonkach/miniconda3/envs/ros2/bin/python3.12\', \'-W\', \'ignore:setup.py install is deprecated\', \'-W\', \'ignore:easy_install command is deprecated\', \'setup.py\', \'--help-commands\'] to pass: Traceback (most recent call last):\n  File "/Users/jonkach/Documents/Projects/VSCodeProjects/ros2_ws/src/shape_detection/setup.py", line 1, in <module>\n    from setuptools import find_packages, setup\n  File "/Users/jonkach/miniconda3/envs/ros2/lib/python3.12/site-packages/setuptools/__init__.py", line 10, in <module>\n    import distutils.core\nModuleNotFoundError: No module named \'distutils\'\n\n'}
[0.049677] (shape_detection) JobEnded: {'identifier': 'shape_detection', 'rc': 1}
[0.062064] (-) EventReactorShutdown: {}
